<?xml version="1.0" encoding="UTF-8"?>
<coverage generated="1592497755692" clover="3.2.0">
  <project timestamp="1592497755692" name="All files">
    <metrics statements="9" coveredstatements="7" conditionals="12" coveredconditionals="9" methods="5" coveredmethods="3" elements="26" coveredelements="19" complexity="0" loc="9" ncloc="9" packages="2" files="2" classes="2"/>
    <package name="components.wiz-modal">
      <metrics statements="7" coveredstatements="5" conditionals="6" coveredconditionals="3" methods="4" coveredmethods="2"/>
      <file name="wiz-modal.tsx" path="D:\Componentes\wc-wiz-modal\src\components\wiz-modal\wiz-modal.tsx">
        <metrics statements="7" coveredstatements="5" conditionals="6" coveredconditionals="3" methods="4" coveredmethods="2"/>
        <line num="1" count="1" type="stmt"/>
        <line num="3" count="1" type="stmt"/>
        <line num="17" count="1" type="cond" truecount="1" falsecount="1"/>
        <line num="18" count="1" type="stmt"/>
        <line num="25" count="1" type="stmt"/>
        <line num="31" count="0" type="cond" truecount="1" falsecount="1"/>
        <line num="38" count="0" type="cond" truecount="1" falsecount="1"/>
      </file>
    </package>
    <package name="utils">
      <metrics statements="2" coveredstatements="2" conditionals="6" coveredconditionals="6" methods="1" coveredmethods="1"/>
      <file name="utils.ts" path="D:\Componentes\wc-wiz-modal\src\utils\utils.ts">
        <metrics statements="2" coveredstatements="2" conditionals="6" coveredconditionals="6" methods="1" coveredmethods="1"/>
        <line num="2" count="1" type="stmt"/>
        <line num="3" count="4" type="stmt"/>
      </file>
    </package>
  </project>
</coverage>
