{"D:\\Componentes\\wc-wiz-modal\\src\\components\\wiz-modal\\wiz-modal.tsx": {"path":"D:\\Componentes\\wc-wiz-modal\\src\\components\\wiz-modal\\wiz-modal.tsx","statementMap":{"0":{"start":{"line":1,"column":0},"end":{"line":1,"column":71}},"1":{"start":{"line":17,"column":4},"end":{"line":21,"column":null}},"2":{"start":{"line":18,"column":6},"end":{"line":20,"column":null}},"3":{"start":{"line":25,"column":4},"end":{"line":52,"column":6}},"4":{"start":{"line":31,"column":36},"end":{"line":31,"column":50}},"5":{"start":{"line":38,"column":38},"end":{"line":38,"column":52}},"6":{"start":{"line":3,"column":0},"end":{"line":3,"column":null}}},"fnMap":{"0":{"name":"(anonymous_1)","decl":{"start":{"line":16,"column":2},"end":{"line":16,"column":13}},"loc":{"start":{"line":16,"column":13},"end":{"line":22,"column":3}}},"1":{"name":"(anonymous_2)","decl":{"start":{"line":24,"column":2},"end":{"line":24,"column":8}},"loc":{"start":{"line":24,"column":8},"end":{"line":53,"column":3}}},"2":{"name":"(anonymous_3)","decl":{"start":{"line":31,"column":30},"end":{"line":31,"column":33}},"loc":{"start":{"line":31,"column":36},"end":{"line":31,"column":50}}},"3":{"name":"(anonymous_4)","decl":{"start":{"line":38,"column":32},"end":{"line":38,"column":35}},"loc":{"start":{"line":38,"column":38},"end":{"line":38,"column":52}}}},"branchMap":{"0":{"loc":{"start":{"line":17,"column":4},"end":{"line":21,"column":null}},"type":"if","locations":[{"start":{"line":17,"column":4},"end":{"line":21,"column":null}},{"start":{"line":17,"column":4},"end":{"line":21,"column":null}}]},"1":{"loc":{"start":{"line":31,"column":18},"end":{"line":31,"column":94}},"type":"cond-expr","locations":[{"start":{"line":31,"column":18},"end":{"line":31,"column":94}},{"start":{"line":32,"column":18},"end":{"line":32,"column":31}}]},"2":{"loc":{"start":{"line":38,"column":20},"end":{"line":38,"column":95}},"type":"cond-expr","locations":[{"start":{"line":38,"column":20},"end":{"line":38,"column":95}},{"start":{"line":39,"column":20},"end":{"line":39,"column":33}}]}},"s":{"0":1,"1":1,"2":1,"3":1,"4":0,"5":0,"6":1},"f":{"0":1,"1":1,"2":0,"3":0},"b":{"0":[1,0],"1":[1,0],"2":[0,1]}}
,"D:\\Componentes\\wc-wiz-modal\\src\\utils\\utils.ts": {"path":"D:\\Componentes\\wc-wiz-modal\\src\\utils\\utils.ts","statementMap":{"0":{"start":{"line":3,"column":2},"end":{"line":7,"column":4}},"1":{"start":{"line":2,"column":0},"end":{"line":2,"column":16}}},"fnMap":{"0":{"name":"format","decl":{"start":{"line":2,"column":16},"end":{"line":2,"column":22}},"loc":{"start":{"line":2,"column":66},"end":{"line":8,"column":1}}}},"branchMap":{"0":{"loc":{"start":{"line":4,"column":5},"end":{"line":4,"column":10}},"type":"binary-expr","locations":[{"start":{"line":4,"column":5},"end":{"line":4,"column":10}},{"start":{"line":4,"column":14},"end":{"line":4,"column":16}}]},"1":{"loc":{"start":{"line":5,"column":14},"end":{"line":5,"column":26}},"type":"cond-expr","locations":[{"start":{"line":5,"column":14},"end":{"line":5,"column":26}},{"start":{"line":5,"column":29},"end":{"line":5,"column":31}}]},"2":{"loc":{"start":{"line":6,"column":12},"end":{"line":6,"column":22}},"type":"cond-expr","locations":[{"start":{"line":6,"column":12},"end":{"line":6,"column":22}},{"start":{"line":6,"column":25},"end":{"line":6,"column":27}}]}},"s":{"0":4,"1":1},"f":{"0":4},"b":{"0":[4,1],"1":[1,3],"2":[2,2]}}
}
