TN:
SF:D:\Componentes\wc-wiz-modal\src\components\wiz-modal\wiz-modal.tsx
FN:16,(anonymous_1)
FN:24,(anonymous_2)
FN:31,(anonymous_3)
FN:38,(anonymous_4)
FNF:4
FNH:2
FNDA:1,(anonymous_1)
FNDA:1,(anonymous_2)
FNDA:0,(anonymous_3)
FNDA:0,(anonymous_4)
DA:1,1
DA:3,1
DA:17,1
DA:18,1
DA:25,1
DA:31,0
DA:38,0
LF:7
LH:5
BRDA:17,0,0,1
BRDA:17,0,1,0
BRDA:31,1,0,1
BRDA:31,1,1,0
BRDA:38,2,0,0
BRDA:38,2,1,1
BRF:6
BRH:3
end_of_record
TN:
SF:D:\Componentes\wc-wiz-modal\src\utils\utils.ts
FN:2,format
FNF:1
FNH:1
FNDA:4,format
DA:2,1
DA:3,4
LF:2
LH:2
BRDA:4,0,0,4
BRDA:4,0,1,1
BRDA:5,1,0,1
BRDA:5,1,1,3
BRDA:6,2,0,2
BRDA:6,2,1,2
BRF:6
BRH:6
end_of_record
