<?xml version="1.0" encoding="UTF-8"?>
<coverage generated="1587053135415" clover="3.2.0">
  <project timestamp="1587053135415" name="All files">
    <metrics statements="16" coveredstatements="12" conditionals="20" coveredconditionals="13" methods="8" coveredmethods="6" elements="44" coveredelements="31" complexity="0" loc="16" ncloc="16" packages="2" files="2" classes="2"/>
    <package name="components.my-component">
      <metrics statements="14" coveredstatements="10" conditionals="14" coveredconditionals="7" methods="7" coveredmethods="5"/>
      <file name="wiz-alert-component.tsx" path="D:\Componentes\wc-wiz-alert\src\components\my-component\wiz-alert-component.tsx">
        <metrics statements="14" coveredstatements="10" conditionals="14" coveredconditionals="7" methods="7" coveredmethods="5"/>
        <line num="1" count="1" type="stmt"/>
        <line num="4" count="1" type="stmt"/>
        <line num="15" count="4" type="stmt"/>
        <line num="16" count="4" type="stmt"/>
        <line num="22" count="2" type="cond" truecount="1" falsecount="1"/>
        <line num="23" count="0" type="stmt"/>
        <line num="24" count="0" type="stmt"/>
        <line num="30" count="1" type="stmt"/>
        <line num="36" count="1" type="stmt"/>
        <line num="40" count="1" type="stmt"/>
        <line num="46" count="1" type="cond" truecount="1" falsecount="1"/>
        <line num="47" count="1" type="stmt"/>
        <line num="94" count="0" type="cond" truecount="1" falsecount="1"/>
        <line num="107" count="0" type="stmt"/>
      </file>
    </package>
    <package name="utils">
      <metrics statements="2" coveredstatements="2" conditionals="6" coveredconditionals="6" methods="1" coveredmethods="1"/>
      <file name="utils.ts" path="D:\Componentes\wc-wiz-alert\src\utils\utils.ts">
        <metrics statements="2" coveredstatements="2" conditionals="6" coveredconditionals="6" methods="1" coveredmethods="1"/>
        <line num="2" count="1" type="stmt"/>
        <line num="3" count="4" type="stmt"/>
      </file>
    </package>
  </project>
</coverage>
