{"D:\\Componentes\\wc-wiz-alert\\src\\components\\my-component\\wiz-alert-component.tsx": {"path":"D:\\Componentes\\wc-wiz-alert\\src\\components\\my-component\\wiz-alert-component.tsx","statementMap":{"0":{"start":{"line":1,"column":0},"end":{"line":1,"column":58}},"1":{"start":{"line":15,"column":11},"end":{"line":15,"column":38}},"2":{"start":{"line":16,"column":11},"end":{"line":16,"column":34}},"3":{"start":{"line":22,"column":4},"end":{"line":26,"column":null}},"4":{"start":{"line":23,"column":6},"end":{"line":25,"column":20}},"5":{"start":{"line":24,"column":8},"end":{"line":24,"column":28}},"6":{"start":{"line":30,"column":22},"end":{"line":35,"column":null}},"7":{"start":{"line":36,"column":4},"end":{"line":36,"column":32}},"8":{"start":{"line":40,"column":4},"end":{"line":40,"column":24}},"9":{"start":{"line":46,"column":4},"end":{"line":108,"column":null}},"10":{"start":{"line":47,"column":6},"end":{"line":104,"column":null}},"11":{"start":{"line":94,"column":34},"end":{"line":94,"column":46}},"12":{"start":{"line":107,"column":6},"end":{"line":107,"column":12}},"13":{"start":{"line":4,"column":0},"end":{"line":4,"column":null}}},"fnMap":{"0":{"name":"(anonymous_0)","decl":{"start":{"line":4,"column":0},"end":{"line":4,"column":null}},"loc":{"start":{"line":4,"column":0},"end":{"line":110,"column":null}}},"1":{"name":"(anonymous_1)","decl":{"start":{"line":20,"column":2},"end":{"line":20,"column":18}},"loc":{"start":{"line":20,"column":18},"end":{"line":27,"column":3}}},"2":{"name":"(anonymous_2)","decl":{"start":{"line":23,"column":38},"end":{"line":23,"column":41}},"loc":{"start":{"line":23,"column":43},"end":{"line":25,"column":7}}},"3":{"name":"(anonymous_3)","decl":{"start":{"line":29,"column":2},"end":{"line":29,"column":10}},"loc":{"start":{"line":29,"column":10},"end":{"line":37,"column":3}}},"4":{"name":"(anonymous_4)","decl":{"start":{"line":39,"column":2},"end":{"line":39,"column":7}},"loc":{"start":{"line":39,"column":7},"end":{"line":41,"column":3}}},"5":{"name":"(anonymous_5)","decl":{"start":{"line":45,"column":2},"end":{"line":45,"column":8}},"loc":{"start":{"line":45,"column":8},"end":{"line":109,"column":3}}},"6":{"name":"(anonymous_6)","decl":{"start":{"line":94,"column":28},"end":{"line":94,"column":31}},"loc":{"start":{"line":94,"column":34},"end":{"line":94,"column":46}}}},"branchMap":{"0":{"loc":{"start":{"line":22,"column":4},"end":{"line":26,"column":null}},"type":"if","locations":[{"start":{"line":22,"column":4},"end":{"line":26,"column":null}},{"start":{"line":22,"column":4},"end":{"line":26,"column":null}}]},"1":{"loc":{"start":{"line":46,"column":4},"end":{"line":108,"column":null}},"type":"if","locations":[{"start":{"line":46,"column":4},"end":{"line":108,"column":null}},{"start":{"line":46,"column":4},"end":{"line":108,"column":null}}]},"2":{"loc":{"start":{"line":54,"column":18},"end":{"line":56,"column":null}},"type":"cond-expr","locations":[{"start":{"line":54,"column":18},"end":{"line":56,"column":null}},{"start":{"line":58,"column":18},"end":{"line":58,"column":29}}]},"3":{"loc":{"start":{"line":63,"column":18},"end":{"line":65,"column":null}},"type":"cond-expr","locations":[{"start":{"line":63,"column":18},"end":{"line":65,"column":null}},{"start":{"line":67,"column":18},"end":{"line":67,"column":29}}]},"4":{"loc":{"start":{"line":72,"column":18},"end":{"line":74,"column":null}},"type":"cond-expr","locations":[{"start":{"line":72,"column":18},"end":{"line":74,"column":null}},{"start":{"line":76,"column":18},"end":{"line":76,"column":29}}]},"5":{"loc":{"start":{"line":82,"column":16},"end":{"line":84,"column":null}},"type":"cond-expr","locations":[{"start":{"line":82,"column":16},"end":{"line":84,"column":null}},{"start":{"line":86,"column":18},"end":{"line":86,"column":29}}]},"6":{"loc":{"start":{"line":94,"column":14},"end":{"line":98,"column":null}},"type":"cond-expr","locations":[{"start":{"line":94,"column":14},"end":{"line":98,"column":null}},{"start":{"line":100,"column":14},"end":{"line":100,"column":25}}]}},"s":{"0":1,"1":4,"2":4,"3":2,"4":0,"5":0,"6":1,"7":1,"8":1,"9":1,"10":1,"11":0,"12":0,"13":1},"f":{"0":4,"1":2,"2":0,"3":1,"4":1,"5":1,"6":0},"b":{"0":[0,2],"1":[1,0],"2":[0,1],"3":[0,1],"4":[0,1],"5":[0,1],"6":[0,1]}}
,"D:\\Componentes\\wc-wiz-alert\\src\\utils\\utils.ts": {"path":"D:\\Componentes\\wc-wiz-alert\\src\\utils\\utils.ts","statementMap":{"0":{"start":{"line":3,"column":2},"end":{"line":7,"column":4}},"1":{"start":{"line":2,"column":0},"end":{"line":2,"column":16}}},"fnMap":{"0":{"name":"format","decl":{"start":{"line":2,"column":16},"end":{"line":2,"column":22}},"loc":{"start":{"line":2,"column":66},"end":{"line":8,"column":1}}}},"branchMap":{"0":{"loc":{"start":{"line":4,"column":5},"end":{"line":4,"column":10}},"type":"binary-expr","locations":[{"start":{"line":4,"column":5},"end":{"line":4,"column":10}},{"start":{"line":4,"column":14},"end":{"line":4,"column":16}}]},"1":{"loc":{"start":{"line":5,"column":14},"end":{"line":5,"column":26}},"type":"cond-expr","locations":[{"start":{"line":5,"column":14},"end":{"line":5,"column":26}},{"start":{"line":5,"column":29},"end":{"line":5,"column":31}}]},"2":{"loc":{"start":{"line":6,"column":12},"end":{"line":6,"column":22}},"type":"cond-expr","locations":[{"start":{"line":6,"column":12},"end":{"line":6,"column":22}},{"start":{"line":6,"column":25},"end":{"line":6,"column":27}}]}},"s":{"0":4,"1":1},"f":{"0":4},"b":{"0":[4,1],"1":[1,3],"2":[2,2]}}
}
