TN:
SF:D:\Componentes\wc-wiz-alert\src\components\my-component\wiz-alert-component.tsx
FN:4,(anonymous_0)
FN:20,(anonymous_1)
FN:23,(anonymous_2)
FN:29,(anonymous_3)
FN:39,(anonymous_4)
FN:45,(anonymous_5)
FN:94,(anonymous_6)
FNF:7
FNH:5
FNDA:4,(anonymous_0)
FNDA:2,(anonymous_1)
FNDA:0,(anonymous_2)
FNDA:1,(anonymous_3)
FNDA:1,(anonymous_4)
FNDA:1,(anonymous_5)
FNDA:0,(anonymous_6)
DA:1,1
DA:4,1
DA:15,4
DA:16,4
DA:22,2
DA:23,0
DA:24,0
DA:30,1
DA:36,1
DA:40,1
DA:46,1
DA:47,1
DA:94,0
DA:107,0
LF:14
LH:10
BRDA:22,0,0,0
BRDA:22,0,1,2
BRDA:46,1,0,1
BRDA:46,1,1,0
BRDA:54,2,0,0
BRDA:54,2,1,1
BRDA:63,3,0,0
BRDA:63,3,1,1
BRDA:72,4,0,0
BRDA:72,4,1,1
BRDA:82,5,0,0
BRDA:82,5,1,1
BRDA:94,6,0,0
BRDA:94,6,1,1
BRF:14
BRH:7
end_of_record
TN:
SF:D:\Componentes\wc-wiz-alert\src\utils\utils.ts
FN:2,format
FNF:1
FNH:1
FNDA:4,format
DA:2,1
DA:3,4
LF:2
LH:2
BRDA:4,0,0,4
BRDA:4,0,1,1
BRDA:5,1,0,1
BRDA:5,1,1,3
BRDA:6,2,0,2
BRDA:6,2,1,2
BRF:6
BRH:6
end_of_record
